main.obj : error LNK2001: unresolved external symbol glfwSwapBuffers
main.obj : error LNK2001: unresolved external symbol __glewUniformMatrix3fv
main.obj : error LNK2001: unresolved external symbol __imp_glViewport
main.obj : error LNK2001: unresolved external symbol glfwSwapInterval
main.obj : error LNK2001: unresolved external symbol __imp_glClear
main.obj : error LNK2001: unresolved external symbol __imp_glPolygonMode
main.obj : error LNK2001: unresolved external symbol __imp_glBindTexture
main.obj : error LNK2001: unresolved external symbol __imp_glGenTextures
main.obj : error LNK2001: unresolved external symbol __glewUniform1i
main.obj : error LNK2001: unresolved external symbol __imp_glEnable
main.obj : error LNK2001: unresolved external symbol __imp_glCullFace
main.obj : error LNK2001: unresolved external symbol glfwGetFramebufferSize
main.obj : error LNK2001: unresolved external symbol __imp_glTexParameterfv
main.obj : error LNK2001: unresolved external symbol glfwTerminate
main.obj : error LNK2001: unresolved external symbol glfwPollEvents
main.obj : error LNK2001: unresolved external symbol glfwInit
main.obj : error LNK2001: unresolved external symbol __imp_glFrontFace
main.obj : error LNK2001: unresolved external symbol glfwSetKeyCallback
main.obj : error LNK2001: unresolved external symbol glfwSetWindowShouldClose
main.obj : error LNK2001: unresolved external symbol __glewUniform1f
main.obj : error LNK2001: unresolved external symbol glfwCreateWindow
main.obj : error LNK2001: unresolved external symbol glfwWindowHint
main.obj : error LNK2001: unresolved external symbol __glewGetUniformLocation
main.obj : error LNK2001: unresolved external symbol glfwSetInputMode
main.obj : error LNK2001: unresolved external symbol glfwMakeContextCurrent
main.obj : error LNK2001: unresolved external symbol __imp_glTexParameteri
main.obj : error LNK2001: unresolved external symbol __glewActiveTexture
main.obj : error LNK2001: unresolved external symbol __imp_glDeleteTextures
main.obj : error LNK2001: unresolved external symbol __imp_glReadBuffer
main.obj : error LNK2001: unresolved external symbol __glewFramebufferTexture2D
main.obj : error LNK2001: unresolved external symbol glfwDestroyWindow
main.obj : error LNK2001: unresolved external symbol __glewDeleteFramebuffers
main.obj : error LNK2001: unresolved external symbol __glewGenFramebuffers
main.obj : error LNK2001: unresolved external symbol __imp_glClearColor
main.obj : error LNK2001: unresolved external symbol __glewUniformMatrix4fv
main.obj : error LNK2001: unresolved external symbol __glewBindFramebuffer
main.obj : error LNK2001: unresolved external symbol __imp_glTexImage2D
main.obj : error LNK2001: unresolved external symbol glewExperimental
main.obj : error LNK2001: unresolved external symbol glfwSetCursorPosCallback
main.obj : error LNK2001: unresolved external symbol __imp_glDisable
main.obj : error LNK2001: unresolved external symbol glfwSetWindowSizeCallback
main.obj : error LNK2001: unresolved external symbol __imp_glDepthFunc
main.obj : error LNK2001: unresolved external symbol __imp_glGetString
main.obj : error LNK2001: unresolved external symbol glfwWindowShouldClose
main.obj : error LNK2001: unresolved external symbol glewInit
main.obj : error LNK2001: unresolved external symbol __imp_glDrawBuffer
main.obj : error LNK2001: unresolved external symbol __imp_glGetError
main.obj : error LNK2001: unresolved external symbol __glewUniform3fv
Mesh.obj : error LNK2001: unresolved external symbol __glewEnableVertexAttribArray
Mesh.obj : error LNK2001: unresolved external symbol __glewBindVertexArray
Mesh.obj : error LNK2001: unresolved external symbol __glewVertexAttribPointer
Mesh.obj : error LNK2001: unresolved external symbol __glewBindBuffer
Mesh.obj : error LNK2001: unresolved external symbol __glewBufferData
Mesh.obj : error LNK2001: unresolved external symbol __glewGenVertexArrays
Mesh.obj : error LNK2001: unresolved external symbol __imp_glDrawElements
Mesh.obj : error LNK2001: unresolved external symbol __glewGenBuffers
Model3D.obj : error LNK2001: unresolved external symbol __glewDeleteVertexArrays
Model3D.obj : error LNK2001: unresolved external symbol __glewGenerateMipmap
Model3D.obj : error LNK2001: unresolved external symbol __glewDeleteBuffers
Shader.obj : error LNK2001: unresolved external symbol __glewUseProgram
Shader.obj : error LNK2001: unresolved external symbol __glewGetShaderiv
Shader.obj : error LNK2001: unresolved external symbol __glewCompileShader
Shader.obj : error LNK2001: unresolved external symbol __glewCreateShader
Shader.obj : error LNK2001: unresolved external symbol __glewCreateProgram
Shader.obj : error LNK2001: unresolved external symbol __glewGetShaderInfoLog
Shader.obj : error LNK2001: unresolved external symbol __glewGetProgramiv
Shader.obj : error LNK2001: unresolved external symbol __glewAttachShader
Shader.obj : error LNK2001: unresolved external symbol __glewShaderSource
Shader.obj : error LNK2001: unresolved external symbol __glewGetProgramInfoLog
Shader.obj : error LNK2001: unresolved external symbol __glewDeleteShader
Shader.obj : error LNK2001: unresolved external symbol __glewLinkProgram
SkyBox.obj : error LNK2001: unresolved external symbol __imp_glDrawArrays
C:\Users\iakke\source\repos\GP\GP-Proj9\x64\Release\GP-Proj9.exe : fatal error LNK1120: 72 unresolved externals
